  Application.cpp
  Camera.cpp
C:\Users\Albert Gil\Desktop\MIRI\SRGGE\Lab_64\Lab_64\src\Application.cpp(1,10): error C1083:  Cannot open include file: 'GL/glew.h': No such file or directory
  FloorTile.cpp
C:\Users\Albert Gil\Desktop\MIRI\SRGGE\Lab_64\Lab_64\src\camera.h(5,10): error C1083:  Cannot open include file: 'glm/glm.hpp': No such file or directory
  glm.cpp
C:\Users\Albert Gil\Desktop\MIRI\SRGGE\Lab_64\Lab_64\src\Texture.h(6,10): error C1083:  Cannot open include file: 'GL/glew.h': No such file or directory
  LOD.cpp
C:\Users\Albert Gil\Desktop\MIRI\SRGGE\Lab_64\Lab_64\src\glm\glm\detail\glm.cpp(5,10): error C1083:  Cannot open include file: 'glm/gtx/dual_quaternion.hpp': No such file or directory
  main.cpp
C:\Users\Albert Gil\Desktop\MIRI\SRGGE\Lab_64\Lab_64\src\TriangleMesh.h(7,10): error C1083:  Cannot open include file: 'glm/glm.hpp': No such file or directory
  PLYReader.cpp
C:\Users\Albert Gil\Desktop\MIRI\SRGGE\Lab_64\Lab_64\src\main.cpp(1,10): error C1083:  Cannot open include file: 'GL/glew.h': No such file or directory
  Scene.cpp
C:\Users\Albert Gil\Desktop\MIRI\SRGGE\Lab_64\Lab_64\src\TriangleMesh.h(7,10): error C1083:  Cannot open include file: 'glm/glm.hpp': No such file or directory
  Shader.cpp
C:\Users\Albert Gil\Desktop\MIRI\SRGGE\Lab_64\Lab_64\src\Scene.cpp(9,10): error C1083:  Cannot open include file: 'glm/gtc/matrix_transform.hpp': No such file or directory
  ShaderProgram.cpp
C:\Users\Albert Gil\Desktop\MIRI\SRGGE\Lab_64\Lab_64\src\Shader.h(6,10): error C1083:  Cannot open include file: 'GL/glew.h': No such file or directory
  Text.cpp
C:\Users\Albert Gil\Desktop\MIRI\SRGGE\Lab_64\Lab_64\src\ShaderProgram.cpp(2,10): error C1083:  Cannot open include file: 'glm/gtc/type_ptr.hpp': No such file or directory
  Texture.cpp
C:\Users\Albert Gil\Desktop\MIRI\SRGGE\Lab_64\Lab_64\src\Text.cpp(3,10): error C1083:  Cannot open include file: 'GL/glew.h': No such file or directory
  TexturedQuad.cpp
C:\Users\Albert Gil\Desktop\MIRI\SRGGE\Lab_64\Lab_64\src\Texture.cpp(1,10): error C1083:  Cannot open include file: 'SOIL.h': No such file or directory
  Tilemap.cpp
C:\Users\Albert Gil\Desktop\MIRI\SRGGE\Lab_64\Lab_64\src\TexturedQuad.cpp(1,10): error C1083:  Cannot open include file: 'GL/glew.h': No such file or directory
  TriangleMesh.cpp
C:\Users\Albert Gil\Desktop\MIRI\SRGGE\Lab_64\Lab_64\src\TriangleMesh.h(7,10): error C1083:  Cannot open include file: 'glm/glm.hpp': No such file or directory
  Generating Code...
C:\Users\Albert Gil\Desktop\MIRI\SRGGE\Lab_64\Lab_64\src\TriangleMesh.h(7,10): error C1083:  Cannot open include file: 'glm/glm.hpp': No such file or directory
