  Scene.cpp
C:\Users\Albert Gil\Desktop\MIRI\SRGGE\Lab_64\Lab_64\src\Scene.cpp(99,45): warning C4244:  'argument': conversion from 'float' to 'const unsigned __int64', possible loss of data
C:\Users\Albert Gil\Desktop\MIRI\SRGGE\Lab_64\Lab_64\src\Scene.cpp(99,71): warning C4244:  'argument': conversion from 'float' to 'const unsigned __int64', possible loss of data
C:\Users\Albert Gil\Desktop\MIRI\SRGGE\Lab_64\Lab_64\src\Scene.cpp(109,58): warning C4267:  '=': conversion from 'size_t' to 'int', possible loss of data
C:\Users\Albert Gil\Desktop\MIRI\SRGGE\Lab_64\Lab_64\src\Scene.cpp(296,19): warning C4244:  '=': conversion from 'double' to 'float', possible loss of data
C:\Users\Albert Gil\Desktop\MIRI\SRGGE\Lab_64\Lab_64\src\Scene.cpp(299,19): warning C4244:  '=': conversion from 'double' to 'float', possible loss of data
C:\Users\Albert Gil\Desktop\MIRI\SRGGE\Lab_64\Lab_64\src\Scene.cpp(302,19): warning C4244:  '=': conversion from 'double' to 'float', possible loss of data
C:\Users\Albert Gil\Desktop\MIRI\SRGGE\Lab_64\Lab_64\src\Scene.cpp(305,19): warning C4244:  '=': conversion from 'double' to 'float', possible loss of data
C:\Users\Albert Gil\Desktop\MIRI\SRGGE\Lab_64\Lab_64\src\Scene.cpp(326,9): warning C4244:  '=': conversion from 'unsigned int' to 'float', possible loss of data
C:\Users\Albert Gil\Desktop\MIRI\SRGGE\Lab_64\Lab_64\src\Scene.cpp(395,29): warning C4018:  '<': signed/unsigned mismatch
C:\Users\Albert Gil\Desktop\MIRI\SRGGE\Lab_64\Lab_64\src\Scene.cpp(404,29): warning C4018:  '<': signed/unsigned mismatch
C:\Users\Albert Gil\Desktop\MIRI\SRGGE\Lab_64\Lab_64\src\Scene.cpp(421,29): warning C4018:  '<': signed/unsigned mismatch
C:\Users\Albert Gil\Desktop\MIRI\SRGGE\Lab_64\Lab_64\src\Scene.cpp(430,29): warning C4018:  '<': signed/unsigned mismatch
C:\Users\Albert Gil\Desktop\MIRI\SRGGE\Lab_64\Lab_64\src\Scene.cpp(447,29): warning C4018:  '<': signed/unsigned mismatch
C:\Users\Albert Gil\Desktop\MIRI\SRGGE\Lab_64\Lab_64\src\Scene.cpp(456,29): warning C4018:  '<': signed/unsigned mismatch
C:\Users\Albert Gil\Desktop\MIRI\SRGGE\Lab_64\Lab_64\src\Scene.cpp(473,29): warning C4018:  '<': signed/unsigned mismatch
C:\Users\Albert Gil\Desktop\MIRI\SRGGE\Lab_64\Lab_64\src\Scene.cpp(482,29): warning C4018:  '<': signed/unsigned mismatch
C:\Users\Albert Gil\Desktop\MIRI\SRGGE\Lab_64\Lab_64\src\Scene.cpp(509,15): warning C4244:  'initializing': conversion from 'double' to 'float', possible loss of data
C:\Users\Albert Gil\Desktop\MIRI\SRGGE\Lab_64\Lab_64\src\Scene.cpp(516,58): warning C4267:  '=': conversion from 'size_t' to 'int', possible loss of data
C:\Users\Albert Gil\Desktop\MIRI\SRGGE\Lab_64\Lab_64\src\Scene.cpp(536,38): warning C4244:  'argument': conversion from 'float' to 'unsigned int', possible loss of data
C:\Users\Albert Gil\Desktop\MIRI\SRGGE\Lab_64\Lab_64\src\Scene.cpp(545,38): warning C4244:  'argument': conversion from 'float' to 'unsigned int', possible loss of data
C:\Users\Albert Gil\Desktop\MIRI\SRGGE\Lab_64\Lab_64\src\Scene.cpp(624,57): warning C4244:  'argument': conversion from 'float' to 'unsigned int', possible loss of data
LINK : warning LNK4098: defaultlib 'MSVCRTD' conflicts with use of other libs; use /NODEFAULTLIB:library
LINK : warning LNK4098: defaultlib 'LIBCMT' conflicts with use of other libs; use /NODEFAULTLIB:library
  Generating code
  2 of 1425 functions ( 0.1%) were compiled, the rest were copied from previous compilation.
    0 functions were new in current compilation
    5 functions had inline decision re-evaluated but remain unchanged
  Finished generating code
SOIL.lib(image_DXT.obj) : warning LNK4099: PDB '' was not found with 'SOIL.lib(image_DXT.obj)' or at ''; linking object as if no debug info
SOIL.lib(image_helper.obj) : warning LNK4099: PDB '' was not found with 'SOIL.lib(image_helper.obj)' or at ''; linking object as if no debug info
SOIL.lib(SOIL.obj) : warning LNK4099: PDB '' was not found with 'SOIL.lib(SOIL.obj)' or at ''; linking object as if no debug info
SOIL.lib(stb_image_aug.obj) : warning LNK4099: PDB '' was not found with 'SOIL.lib(stb_image_aug.obj)' or at ''; linking object as if no debug info
glew32s.lib(glew.obj) : warning LNK4099: PDB '' was not found with 'glew32s.lib(glew.obj)' or at ''; linking object as if no debug info
  Lab_64.vcxproj -> C:\Users\Albert Gil\Desktop\MIRI\SRGGE\Lab_64\x64\Release\Lab_64.exe
